<?xml version="1.0" encoding="utf-8"?><testsuite errors="0" failures="0" name="pytest" skips="0" tests="4" time="1.839"><testcase classname="dagit_tests.test_cli" file="dagit_tests/test_cli.py" line="5" name="test_invoke_ui" time="0.002274036407470703"></testcase><testcase classname="dagit_tests.test_schema" file="dagit_tests/test_schema.py" line="3" name="test_create_schema" time="0.08040881156921387"></testcase><testcase classname="dagit_tests.test_smoke" file="dagit_tests/test_smoke.py" line="11" name="test_smoke_app" time="0.10375499725341797"></testcase><testcase classname="dagit_tests.test_version" file="dagit_tests/test_version.py" line="7" name="test_version" time="0.0018157958984375"></testcase></testsuite>