<?xml version="1.0" encoding="utf-8"?><testsuites><testsuite name="pytest" errors="0" failures="0" skipped="0" tests="129" time="640.588" timestamp="2022-02-04T09:46:31.921658" hostname="OwensElmentlMBP.attlocal.net"><testcase classname="dagster_graphql_tests.client_tests.test_get_run_status.TestGetRunStatusWithClient" name="test_get_run_status[sqlite_with_default_run_launcher_managed_grpc_env]" time="7.486" /><testcase classname="dagster_graphql_tests.graphql.test_assets.TestAssetAwareEventLog" name="test_all_asset_keys[sqlite_with_default_run_launcher_managed_grpc_env]" time="6.139" /><testcase classname="dagster_graphql_tests.graphql.test_assets.TestAssetAwareEventLog" name="test_get_asset_key_materialization[sqlite_with_default_run_launcher_managed_grpc_env]" time="5.575" /><testcase classname="dagster_graphql_tests.graphql.test_assets.TestAssetAwareEventLog" name="test_get_asset_key_not_found[sqlite_with_default_run_launcher_managed_grpc_env]" time="6.058" /><testcase classname="dagster_graphql_tests.graphql.test_assets.TestAssetAwareEventLog" name="test_get_partitioned_asset_key_materialization[sqlite_with_default_run_launcher_managed_grpc_env]" time="6.082" /><testcase classname="dagster_graphql_tests.graphql.test_assets.TestAssetAwareEventLog" name="test_get_asset_key_lineage[sqlite_with_default_run_launcher_managed_grpc_env]" time="5.482" /><testcase classname="dagster_graphql_tests.graphql.test_assets.TestAssetAwareEventLog" name="test_get_partitioned_asset_key_lineage[sqlite_with_default_run_launcher_managed_grpc_env]" time="6.000" /><testcase classname="dagster_graphql_tests.graphql.test_assets.TestAssetAwareEventLog" name="test_asset_wipe[sqlite_with_default_run_launcher_managed_grpc_env]" time="8.628" /><testcase classname="dagster_graphql_tests.graphql.test_assets.TestAssetAwareEventLog" name="test_asset_asof_timestamp[sqlite_with_default_run_launcher_managed_grpc_env]" time="10.131" /><testcase classname="dagster_graphql_tests.graphql.test_assets.TestAssetAwareEventLog" name="test_asset_node_in_pipeline[sqlite_with_default_run_launcher_managed_grpc_env]" time="2.539" /><testcase classname="dagster_graphql_tests.graphql.test_assets.TestAssetAwareEventLog" name="test_asset_partitions_in_pipeline[sqlite_with_default_run_launcher_managed_grpc_env]" time="3.197" /><testcase classname="dagster_graphql_tests.graphql.test_assets.TestAssetAwareEventLog" name="test_latest_materialization_per_partition[sqlite_with_default_run_launcher_managed_grpc_env]" time="9.080" /><testcase classname="dagster_graphql_tests.graphql.test_assets.TestAssetAwareEventLog" name="test_materialization_count_by_partition[sqlite_with_default_run_launcher_managed_grpc_env]" time="8.611" /><testcase classname="dagster_graphql_tests.graphql.test_assets.TestAssetAwareEventLog" name="test_asset_observations[sqlite_with_default_run_launcher_managed_grpc_env]" time="5.539" /><testcase classname="dagster_graphql_tests.graphql.test_assets.TestPersistentInstanceAssetInProgress" name="test_asset_in_progress[sqlite_with_default_run_launcher_managed_grpc_env]" time="9.543" /><testcase classname="dagster_graphql_tests.graphql.test_composites.TestComposites" name="test_composites[non_launchable_sqlite_instance_managed_grpc_env]" time="2.519" /><testcase classname="dagster_graphql_tests.graphql.test_composites.TestComposites" name="test_parent_id_arg[non_launchable_sqlite_instance_managed_grpc_env]" time="2.631" /><testcase classname="dagster_graphql_tests.graphql.test_composites.TestComposites" name="test_solid_id[non_launchable_sqlite_instance_managed_grpc_env]" time="2.537" /><testcase classname="dagster_graphql_tests.graphql.test_composites.TestComposites" name="test_recurse_composites_depends[non_launchable_sqlite_instance_managed_grpc_env]" time="2.469" /><testcase classname="dagster_graphql_tests.graphql.test_composites.TestComposites" name="test_composed_graph[non_launchable_sqlite_instance_managed_grpc_env]" time="2.595" /><testcase classname="dagster_graphql_tests.graphql.test_compute_logs.TestComputeLogs" name="test_get_compute_logs_over_graphql[sqlite_with_default_run_launcher_managed_grpc_env]" time="6.322" /><testcase classname="dagster_graphql_tests.graphql.test_compute_logs.TestComputeLogs" name="test_compute_logs_subscription_graphql[sqlite_with_default_run_launcher_managed_grpc_env]" time="6.712" /><testcase classname="dagster_graphql_tests.graphql.test_config_types.TestConfigTypes" name="test_pipeline_not_found[non_launchable_sqlite_instance_managed_grpc_env]" time="2.759" /><testcase classname="dagster_graphql_tests.graphql.test_config_types.TestConfigTypes" name="test_basic_valid_config[non_launchable_sqlite_instance_managed_grpc_env]" time="2.954" /><testcase classname="dagster_graphql_tests.graphql.test_config_types.TestConfigTypes" name="test_basic_valid_config_serialized_config[non_launchable_sqlite_instance_managed_grpc_env]" time="2.520" /><testcase classname="dagster_graphql_tests.graphql.test_config_types.TestConfigTypes" name="test_root_field_not_defined[non_launchable_sqlite_instance_managed_grpc_env]" time="2.434" /><testcase classname="dagster_graphql_tests.graphql.test_config_types.TestConfigTypes" name="test_basic_invalid_not_defined_field[non_launchable_sqlite_instance_managed_grpc_env]" time="2.516" /><testcase classname="dagster_graphql_tests.graphql.test_config_types.TestConfigTypes" name="test_multiple_not_defined_fields[non_launchable_sqlite_instance_managed_grpc_env]" time="2.606" /><testcase classname="dagster_graphql_tests.graphql.test_config_types.TestConfigTypes" name="test_root_wrong_type[non_launchable_sqlite_instance_managed_grpc_env]" time="2.607" /><testcase classname="dagster_graphql_tests.graphql.test_config_types.TestConfigTypes" name="test_basic_invalid_config_type_mismatch[non_launchable_sqlite_instance_managed_grpc_env]" time="2.450" /><testcase classname="dagster_graphql_tests.graphql.test_config_types.TestConfigTypes" name="test_basic_invalid_config_missing_field[non_launchable_sqlite_instance_managed_grpc_env]" time="2.615" /><testcase classname="dagster_graphql_tests.graphql.test_config_types.TestConfigTypes" name="test_mode_resource_config_works[non_launchable_sqlite_instance_managed_grpc_env]" time="3.105" /><testcase classname="dagster_graphql_tests.graphql.test_config_types.TestConfigTypes" name="test_missing_resource[non_launchable_sqlite_instance_managed_grpc_env]" time="2.883" /><testcase classname="dagster_graphql_tests.graphql.test_config_types.TestConfigTypes" name="test_undefined_resource[non_launchable_sqlite_instance_managed_grpc_env]" time="2.648" /><testcase classname="dagster_graphql_tests.graphql.test_config_types.TestConfigTypes" name="test_more_complicated_works[non_launchable_sqlite_instance_managed_grpc_env]" time="2.890" /><testcase classname="dagster_graphql_tests.graphql.test_config_types.TestConfigTypes" name="test_multiple_missing_fields[non_launchable_sqlite_instance_managed_grpc_env]" time="2.799" /><testcase classname="dagster_graphql_tests.graphql.test_config_types.TestConfigTypes" name="test_more_complicated_multiple_errors[non_launchable_sqlite_instance_managed_grpc_env]" time="2.686" /><testcase classname="dagster_graphql_tests.graphql.test_config_types.TestConfigTypes" name="test_config_list[non_launchable_sqlite_instance_managed_grpc_env]" time="3.004" /><testcase classname="dagster_graphql_tests.graphql.test_config_types.TestConfigTypes" name="test_config_list_invalid[non_launchable_sqlite_instance_managed_grpc_env]" time="2.934" /><testcase classname="dagster_graphql_tests.graphql.test_config_types.TestConfigTypes" name="test_config_list_item_invalid[non_launchable_sqlite_instance_managed_grpc_env]" time="4.040" /><testcase classname="dagster_graphql_tests.graphql.test_config_types.TestConfigTypes" name="test_config_map[non_launchable_sqlite_instance_managed_grpc_env]" time="4.052" /><testcase classname="dagster_graphql_tests.graphql.test_config_types.TestConfigTypes" name="test_config_map_invalid[non_launchable_sqlite_instance_managed_grpc_env]" time="4.330" /><testcase classname="dagster_graphql_tests.graphql.test_config_types.TestConfigTypes" name="test_config_map_key_invalid[non_launchable_sqlite_instance_managed_grpc_env]" time="3.915" /><testcase classname="dagster_graphql_tests.graphql.test_config_types.TestConfigTypes" name="test_config_map_value_invalid[non_launchable_sqlite_instance_managed_grpc_env]" time="3.179" /><testcase classname="dagster_graphql_tests.graphql.test_config_types.TestConfigTypes" name="test_smoke_test_config_type_system[non_launchable_sqlite_instance_managed_grpc_env]" time="2.581" /><testcase classname="dagster_graphql_tests.graphql.test_daemon_health.TestDaemonHealth" name="test_get_individual_daemons[sqlite_with_default_run_launcher_managed_grpc_env]" time="2.617" /><testcase classname="dagster_graphql_tests.graphql.test_daemon_health.TestDaemonHealth" name="test_get_all_daemons[sqlite_with_default_run_launcher_managed_grpc_env]" time="2.517" /><testcase classname="dagster_graphql_tests.graphql.test_daemon_health.TestDaemonHealth" name="test_get_daemon_error[sqlite_with_default_run_launcher_managed_grpc_env]" time="2.611" /><testcase classname="dagster_graphql_tests.graphql.test_environment_schema.TestEnvironmentSchema" name="test_successful_run_config_schema[non_launchable_sqlite_instance_managed_grpc_env]" time="2.938" /><testcase classname="dagster_graphql_tests.graphql.test_environment_schema.TestEnvironmentSchema" name="test_run_config_schema_pipeline_not_found[non_launchable_sqlite_instance_managed_grpc_env]" time="2.535" /><testcase classname="dagster_graphql_tests.graphql.test_environment_schema.TestEnvironmentSchema" name="test_run_config_schema_solid_not_found[non_launchable_sqlite_instance_managed_grpc_env]" time="2.667" /><testcase classname="dagster_graphql_tests.graphql.test_environment_schema.TestEnvironmentSchema" name="test_run_config_schema_mode_not_found[non_launchable_sqlite_instance_managed_grpc_env]" time="2.565" /><testcase classname="dagster_graphql_tests.graphql.test_environment_schema.TestEnvironmentSchema" name="test_basic_valid_config_on_run_config_schema[non_launchable_sqlite_instance_managed_grpc_env]" time="2.673" /><testcase classname="dagster_graphql_tests.graphql.test_environment_schema.TestEnvironmentSchema" name="test_basic_invalid_config_on_run_config_schema[non_launchable_sqlite_instance_managed_grpc_env]" time="2.475" /><testcase classname="dagster_graphql_tests.graphql.test_execute_pipeline.TestExecutePipeline" name="test_start_pipeline_execution[sqlite_with_default_run_launcher_managed_grpc_env]" time="5.802" /><testcase classname="dagster_graphql_tests.graphql.test_execute_pipeline.TestExecutePipeline" name="test_start_pipeline_execution_serialized_config[sqlite_with_default_run_launcher_managed_grpc_env]" time="5.616" /><testcase classname="dagster_graphql_tests.graphql.test_execute_pipeline.TestExecutePipeline" name="test_start_pipeline_execution_malformed_config[sqlite_with_default_run_launcher_managed_grpc_env]" time="2.539" /><testcase classname="dagster_graphql_tests.graphql.test_execute_pipeline.TestExecutePipeline" name="test_basic_start_pipeline_execution_with_preset[sqlite_with_default_run_launcher_managed_grpc_env]" time="5.674" /><testcase classname="dagster_graphql_tests.graphql.test_execute_pipeline.TestExecutePipeline" name="test_basic_start_pipeline_execution_with_pipeline_def_tags[sqlite_with_default_run_launcher_managed_grpc_env]" time="7.119" /><testcase classname="dagster_graphql_tests.graphql.test_execute_pipeline.TestExecutePipeline" name="test_basic_start_pipeline_execution_with_non_existent_preset[sqlite_with_default_run_launcher_managed_grpc_env]" time="2.603" /><testcase classname="dagster_graphql_tests.graphql.test_execute_pipeline.TestExecutePipeline" name="test_basic_start_pipeline_execution_with_preset_failure[sqlite_with_default_run_launcher_managed_grpc_env]" time="2.889" /><testcase classname="dagster_graphql_tests.graphql.test_execute_pipeline.TestExecutePipeline" name="test_basic_start_pipeline_execution_config_failure[sqlite_with_default_run_launcher_managed_grpc_env]" time="2.599" /><testcase classname="dagster_graphql_tests.graphql.test_execute_pipeline.TestExecutePipeline" name="test_basis_start_pipeline_not_found_error[sqlite_with_default_run_launcher_managed_grpc_env]" time="2.429" /><testcase classname="dagster_graphql_tests.graphql.test_execute_pipeline.TestExecutePipeline" name="test_basic_start_pipeline_execution_and_subscribe[sqlite_with_default_run_launcher_managed_grpc_env]" time="6.429" /><testcase classname="dagster_graphql_tests.graphql.test_execute_pipeline.TestExecutePipeline" name="test_basic_start_pipeline_and_fetch[sqlite_with_default_run_launcher_managed_grpc_env]" time="5.508" /><testcase classname="dagster_graphql_tests.graphql.test_execute_pipeline.TestExecutePipeline" name="test_basic_start_pipeline_and_poll[sqlite_with_default_run_launcher_managed_grpc_env]" time="5.569" /><testcase classname="dagster_graphql_tests.graphql.test_execute_pipeline.TestExecutePipeline" name="test_subscription_query_error[sqlite_with_default_run_launcher_managed_grpc_env]" time="5.719" /><testcase classname="dagster_graphql_tests.graphql.test_execute_pipeline.TestExecutePipeline" name="test_subscribe_bad_run_id[sqlite_with_default_run_launcher_managed_grpc_env]" time="2.443" /><testcase classname="dagster_graphql_tests.graphql.test_execute_pipeline.TestExecutePipeline" name="test_basic_sync_execution_no_config[sqlite_with_default_run_launcher_managed_grpc_env]" time="6.389" /><testcase classname="dagster_graphql_tests.graphql.test_execute_pipeline.TestExecutePipeline" name="test_basic_filesystem_sync_execution[sqlite_with_default_run_launcher_managed_grpc_env]" time="6.315" /><testcase classname="dagster_graphql_tests.graphql.test_execute_pipeline.TestExecutePipeline" name="test_basic_start_pipeline_execution_with_tags[sqlite_with_default_run_launcher_managed_grpc_env]" time="5.535" /><testcase classname="dagster_graphql_tests.graphql.test_execute_pipeline.TestExecutePipeline" name="test_basic_start_pipeline_execution_with_materialization[sqlite_with_default_run_launcher_managed_grpc_env]" time="6.360" /><testcase classname="dagster_graphql_tests.graphql.test_execute_pipeline.TestExecutePipeline" name="test_start_job_execution_with_default_config[sqlite_with_default_run_launcher_managed_grpc_env]" time="6.988" /><testcase classname="dagster_graphql_tests.graphql.test_execute_pipeline.TestExecutePipeline" name="test_pipeline_execution_fails_no_mode[sqlite_with_default_run_launcher_managed_grpc_env]" time="2.513" /><testcase classname="dagster_graphql_tests.graphql.test_execute_pipeline.TestExecutePipeline" name="test_two_ins_job_subset_and_config[sqlite_with_default_run_launcher_managed_grpc_env]" time="9.554" /><testcase classname="dagster_graphql_tests.graphql.test_execute_pipeline.TestExecutePipeline" name="test_nested_graph_op_selection_and_config[sqlite_with_default_run_launcher_managed_grpc_env]" time="10.346" /><testcase classname="dagster_graphql_tests.graphql.test_execute_pipeline.TestExecutePipelineReadonlyFailure" name="test_start_pipeline_execution_readonly_failure[sqlite_read_only_with_default_run_launcher_managed_grpc_env]" time="2.510" /><testcase classname="dagster_graphql_tests.graphql.test_expectations.TestExpectations" name="test_basic_expectations_within_compute_step_events[sqlite_with_default_run_launcher_managed_grpc_env]" time="6.321" /><testcase classname="dagster_graphql_tests.graphql.test_expectations.TestExpectations" name="test_basic_input_output_expectations[sqlite_with_default_run_launcher_managed_grpc_env]" time="6.358" /><testcase classname="dagster_graphql_tests.graphql.test_graph.TestGraphs" name="test_basic_jobs[non_launchable_sqlite_instance_managed_grpc_env]" time="2.387" /><testcase classname="dagster_graphql_tests.graphql.test_graph.TestGraphs" name="test_basic_graphs[non_launchable_sqlite_instance_managed_grpc_env]" time="2.514" /><testcase classname="dagster_graphql_tests.graphql.test_instance.TestInstanceSettings" name="test_instance_settings[sqlite_with_queued_run_coordinator_managed_grpc_env]" time="2.438" /><testcase classname="dagster_graphql_tests.graphql.test_instigation.TestNextTickRepository" name="test_schedule_next_tick[non_launchable_sqlite_instance_managed_grpc_env]" time="2.552" /><testcase classname="dagster_graphql_tests.graphql.test_instigation.TestNextTickRepository" name="test_sensor_next_tick[non_launchable_sqlite_instance_managed_grpc_env]" time="4.887" /><testcase classname="dagster_graphql_tests.graphql.test_materializations.TestMaterializations" name="test_materializations[sqlite_with_default_run_launcher_managed_grpc_env]" time="6.419" /><testcase classname="dagster_graphql_tests.graphql.test_mode_definitions.TestModeDefinitions" name="test_query_multi_mode[non_launchable_sqlite_instance_managed_grpc_env]" time="2.537" /><testcase classname="dagster_graphql_tests.graphql.test_partition_backfill.TestDaemonPartitionBackfill" name="test_launch_full_pipeline_backfill[sqlite_with_default_run_launcher_managed_grpc_env]" time="2.602" /><testcase classname="dagster_graphql_tests.graphql.test_partition_backfill.TestDaemonPartitionBackfill" name="test_launch_partial_backfill[sqlite_with_default_run_launcher_managed_grpc_env]" time="2.485" /><testcase classname="dagster_graphql_tests.graphql.test_partition_backfill.TestDaemonPartitionBackfill" name="test_cancel_backfill[sqlite_with_default_run_launcher_managed_grpc_env]" time="2.689" /><testcase classname="dagster_graphql_tests.graphql.test_partition_backfill.TestDaemonPartitionBackfill" name="test_resume_backfill[sqlite_with_default_run_launcher_managed_grpc_env]" time="2.685" /><testcase classname="dagster_graphql_tests.graphql.test_partition_backfill.TestLaunchDaemonBackfillFromFailure" name="test_launch_from_failure[sqlite_with_default_run_launcher_managed_grpc_env]" time="2.622" /><testcase classname="dagster_graphql_tests.graphql.test_partition_sets.TestPartitionSets" name="test_get_partition_sets_for_pipeline[non_launchable_sqlite_instance_managed_grpc_env]" time="2.439" /><testcase classname="dagster_graphql_tests.graphql.test_partition_sets.TestPartitionSets" name="test_get_partition_set[non_launchable_sqlite_instance_managed_grpc_env]" time="2.617" /><testcase classname="dagster_graphql_tests.graphql.test_partition_sets.TestPartitionSets" name="test_get_partition_tags[non_launchable_sqlite_instance_managed_grpc_env]" time="2.405" /><testcase classname="dagster_graphql_tests.graphql.test_partition_sets.TestPartitionSetRuns" name="test_get_partition_runs[sqlite_with_default_run_launcher_managed_grpc_env]" time="6.570" /><testcase classname="dagster_graphql_tests.graphql.test_partition_sets.TestPartitionSetRuns" name="test_get_partition_status[sqlite_with_default_run_launcher_managed_grpc_env]" time="22.501" /><testcase classname="dagster_graphql_tests.graphql.test_permissions.TestPermissionsQuery" name="test_permissions_query[non_launchable_sqlite_instance_managed_grpc_env]" time="2.411" /><testcase classname="dagster_graphql_tests.graphql.test_presets.TestPresets" name="test_basic_preset_query_no_presets[non_launchable_sqlite_instance_managed_grpc_env]" time="2.465" /><testcase classname="dagster_graphql_tests.graphql.test_presets.TestPresets" name="test_basic_preset_query_with_presets[non_launchable_sqlite_instance_managed_grpc_env]" time="2.504" /><testcase classname="dagster_graphql_tests.graphql.test_reexecution.TestReexecution" name="test_full_pipeline_reexecution_fs_storage[sqlite_with_default_run_launcher_managed_grpc_env]" time="7.076" /><testcase classname="dagster_graphql_tests.graphql.test_reexecution.TestReexecution" name="test_full_pipeline_reexecution_in_memory_storage[sqlite_with_default_run_launcher_managed_grpc_env]" time="7.185" /><testcase classname="dagster_graphql_tests.graphql.test_reexecution.TestReexecution" name="test_pipeline_reexecution_successful_launch[sqlite_with_default_run_launcher_managed_grpc_env]" time="8.637" /><testcase classname="dagster_graphql_tests.graphql.test_retry_execution.TestRetryExecution" name="test_retry_pipeline_execution[sqlite_with_default_run_launcher_managed_grpc_env]" time="17.902" /><testcase classname="dagster_graphql_tests.graphql.test_retry_execution.TestRetryExecution" name="test_retry_resource_pipeline[sqlite_with_default_run_launcher_managed_grpc_env]" time="9.691" /><testcase classname="dagster_graphql_tests.graphql.test_retry_execution.TestRetryExecution" name="test_retry_multi_output[sqlite_with_default_run_launcher_managed_grpc_env]" time="14.064" /><testcase classname="dagster_graphql_tests.graphql.test_retry_execution.TestRetryExecution" name="test_successful_pipeline_reexecution[sqlite_with_default_run_launcher_managed_grpc_env]" time="10.308" /><testcase classname="dagster_graphql_tests.graphql.test_retry_execution.TestRetryExecution" name="test_pipeline_reexecution_info_query[sqlite_with_default_run_launcher_managed_grpc_env]" time="9.204" /><testcase classname="dagster_graphql_tests.graphql.test_retry_execution.TestRetryExecution" name="test_pipeline_reexecution_invalid_step_in_subset[sqlite_with_default_run_launcher_managed_grpc_env]" time="2.867" /><testcase classname="dagster_graphql_tests.graphql.test_retry_execution.TestHardFailures" name="test_retry_hard_failure[sqlite_with_default_run_launcher_managed_grpc_env]" time="10.801" /><testcase classname="dagster_graphql_tests.graphql.test_retry_execution.TestRetryExecutionAsyncOnlyBehavior" name="test_retry_requires_intermediates_async_only[sqlite_with_default_run_launcher_managed_grpc_env]" time="8.761" /><testcase classname="dagster_graphql_tests.graphql.test_retry_execution.TestRetryExecutionAsyncOnlyBehavior" name="test_retry_early_terminate[sqlite_with_default_run_launcher_managed_grpc_env]" time="10.222" /><testcase classname="dagster_graphql_tests.graphql.test_run_cancellation.TestQueuedRunTermination" name="test_cancel_queued_run[sqlite_with_queued_run_coordinator_managed_grpc_env]" time="3.598" /><testcase classname="dagster_graphql_tests.graphql.test_run_cancellation.TestQueuedRunTermination" name="test_force_cancel_queued_run[sqlite_with_queued_run_coordinator_managed_grpc_env]" time="3.051" /><testcase classname="dagster_graphql_tests.graphql.test_run_cancellation.TestRunVariantTermination" name="test_basic_termination[sqlite_with_default_run_launcher_managed_grpc_env]" time="6.076" /><testcase classname="dagster_graphql_tests.graphql.test_run_cancellation.TestRunVariantTermination" name="test_force_termination[sqlite_with_default_run_launcher_managed_grpc_env]" time="6.446" /><testcase classname="dagster_graphql_tests.graphql.test_run_cancellation.TestRunVariantTermination" name="test_run_not_found[sqlite_with_default_run_launcher_managed_grpc_env]" time="2.792" /><testcase classname="dagster_graphql_tests.graphql.test_run_cancellation.TestRunVariantTermination" name="test_terminate_failed[sqlite_with_default_run_launcher_managed_grpc_env]" time="5.548" /><testcase classname="dagster_graphql_tests.graphql.test_run_cancellation.TestRunVariantTermination" name="test_run_finished[sqlite_with_default_run_launcher_managed_grpc_env]" time="3.341" /><testcase classname="dagster_graphql_tests.graphql.test_run_cancellation.TestRunVariantTermination" name="test_backcompat_termination[sqlite_with_default_run_launcher_managed_grpc_env]" time="5.925" /><testcase classname="dagster_graphql_tests.graphql.test_run_launcher.TestBasicLaunch" name="test_run_launcher[sqlite_with_default_run_launcher_managed_grpc_env]" time="6.182" /><testcase classname="dagster_graphql_tests.graphql.test_run_launcher.TestBasicLaunch" name="test_run_launcher_subset[sqlite_with_default_run_launcher_managed_grpc_env]" time="5.633" /><testcase classname="dagster_graphql_tests.graphql.test_runs.TestGetRuns" name="test_get_runs_over_graphql[sqlite_with_default_run_launcher_managed_grpc_env]" time="9.257" /><testcase classname="dagster_graphql_tests.graphql.test_runs.TestGetRuns" name="test_run_config[sqlite_with_default_run_launcher_managed_grpc_env]" time="6.978" /><testcase classname="dagster_graphql_tests.graphql.test_sensors.TestSensors" name="test_get_sensors[non_launchable_sqlite_instance_managed_grpc_env]" time="2.456" /><testcase classname="dagster_graphql_tests.graphql.test_sensors.TestSensors" name="test_get_sensor[non_launchable_sqlite_instance_managed_grpc_env]" time="2.721" /><testcase classname="dagster_graphql_tests.graphql.test_sensors.TestSensorMutations" name="test_start_sensor[sqlite_with_default_run_launcher_managed_grpc_env]" time="2.990" /><testcase classname="dagster_graphql_tests.graphql.test_sensors.TestSensorMutations" name="test_stop_sensor[sqlite_with_default_run_launcher_managed_grpc_env]" time="3.084" /><testcase classname="dagster_graphql_tests.graphql.test_subset.TestSolidSelections" name="test_csv_hello_world_pipeline_or_error_subset_wrong_solid_name[non_launchable_sqlite_instance_managed_grpc_env]" time="2.404" /><testcase classname="dagster_graphql_tests.graphql.test_subset.TestSolidSelections" name="test_pipeline_with_invalid_definition_error[non_launchable_sqlite_instance_managed_grpc_env]" time="2.564" /></testsuite></testsuites>